<?xml version="1.0" encoding="UTF-8"?>
<testsuite xmlns:xsi="http://www.w3.org/2001/XMLSchema-instance" xsi:noNamespaceSchemaLocation="https://maven.apache.org/surefire/maven-surefire-plugin/xsd/surefire-test-report-3.0.xsd" version="3.0" name="model.AlbumTest" time="0.121" tests="5" errors="0" skipped="0" failures="1">
  <properties>
[...]
</properties>
  <testcase name="setTrackList" classname="model.AlbumTest" time="0.059"/>
  <testcase name="addTrack" classname="model.AlbumTest" time="0.002"/>
  <testcase name="removeTrackInt" classname="model.AlbumTest" time="0.003"/>
  <testcase name="removeTrack" classname="model.AlbumTest" time="0.001"/>
  <testcase name="testEquals" classname="model.AlbumTest" time="0.011">
    <failure message="expected: &lt;true&gt; but was: &lt;false&gt;" type="org.opentest4j.AssertionFailedError"><![CDATA[org.opentest4j.AssertionFailedError: expected: <true> but was: <false>
	at org.junit.jupiter.api.AssertionFailureBuilder.build(AssertionFailureBuilder.java:151)
	at org.junit.jupiter.api.AssertionFailureBuilder.buildAndThrow(AssertionFailureBuilder.java:132)
	at org.junit.jupiter.api.AssertTrue.failNotTrue(AssertTrue.java:63)
	at org.junit.jupiter.api.AssertTrue.assertTrue(AssertTrue.java:36)
	at org.junit.jupiter.api.AssertTrue.assertTrue(AssertTrue.java:31)
	at org.junit.jupiter.api.Assertions.assertTrue(Assertions.java:183)
	at model.AlbumTest.testEquals(AlbumTest.java:117)
	at java.base/java.lang.reflect.Method.invoke(Method.java:566)
	at java.base/java.util.ArrayList.forEach(ArrayList.java:1540)
	at java.base/java.util.ArrayList.forEach(ArrayList.java:1540)
]]></failure>
  </testcase>
</testsuite>